Using pre-set license
Built from '2020.3/staging' branch; Version is '2020.3.20f1 (41c4e627c95f) revision 4310246'; Using compiler version '192528614'; Build Type 'Release'
OS: 'Windows 10 Pro; OS build 19044.1826; Version 2009; 64bit' Language: 'tr' Physical Memory: 11707 MB
BatchMode: 1, IsHumanControllingUs: 0, StartBugReporterOnCrash: 0, Is64bit: 1, IsPro: 0

COMMAND LINE ARGUMENTS:
D:\Unity 2020\2020.3.20f1\Editor\Unity.exe
-adb2
-batchMode
-noUpm
-name
AssetImportWorker0
-projectPath
C:/Users/Samet/Bitirme Projesi
-logFile
Logs/AssetImportWorker0.log
-srvPort
53772
Successfully changed project path to: C:/Users/Samet/Bitirme Projesi
C:/Users/Samet/Bitirme Projesi
Using Asset Import Pipeline V2.
Refreshing native plugins compatible for Editor in 65.16 ms, found 2 plugins.
Preloading 0 native plugins for Editor in 0.00 ms.
Initialize engine version: 2020.3.20f1 (41c4e627c95f)
[Subsystems] Discovering subsystems at path D:/Unity 2020/2020.3.20f1/Editor/Data/Resources/UnitySubsystems
[Subsystems] Discovering subsystems at path C:/Users/Samet/Bitirme Projesi/Assets
GfxDevice: creating device client; threaded=0
Direct3D:
    Version:  Direct3D 11.0 [level 11.1]
    Renderer: Radeon (TM) 530 (ID=0x6900)
    Vendor:   
    VRAM:     2038 MB
    Driver:   27.20.12031.1000
Initialize mono
Mono path[0] = 'D:/Unity 2020/2020.3.20f1/Editor/Data/Managed'
Mono path[1] = 'D:/Unity 2020/2020.3.20f1/Editor/Data/MonoBleedingEdge/lib/mono/unityjit'
Mono config path = 'D:/Unity 2020/2020.3.20f1/Editor/Data/MonoBleedingEdge/etc'
Using monoOptions --debugger-agent=transport=dt_socket,embedding=1,server=y,suspend=n,address=127.0.0.1:56628
Begin MonoManager ReloadAssembly
Registering precompiled unity dll's ...
Register platform support module: D:/Unity 2020/2020.3.20f1/Editor/Data/PlaybackEngines/WindowsStandaloneSupport/UnityEditor.WindowsStandalone.Extensions.dll
Registered in 0.001366 seconds.
Native extension for WindowsStandalone target not found
Refreshing native plugins compatible for Editor in 55.73 ms, found 2 plugins.
Preloading 0 native plugins for Editor in 0.00 ms.
Mono: successfully reloaded assembly
- Completed reload, in  1.979 seconds
Domain Reload Profiling:
	ReloadAssembly (1979ms)
		BeginReloadAssembly (72ms)
			ExecutionOrderSort (0ms)
			DisableScriptedObjects (0ms)
			BackupInstance (0ms)
			ReleaseScriptingObjects (0ms)
			CreateAndSetChildDomain (1ms)
		EndReloadAssembly (553ms)
			LoadAssemblies (71ms)
			RebuildTransferFunctionScriptingTraits (0ms)
			SetupTypeCache (203ms)
			ReleaseScriptCaches (0ms)
			RebuildScriptCaches (39ms)
			SetupLoadedEditorAssemblies (232ms)
				LogAssemblyErrors (0ms)
				InitializePlatformSupportModulesInManaged (4ms)
				SetLoadedEditorAssemblies (1ms)
				RefreshPlugins (56ms)
				BeforeProcessingInitializeOnLoad (15ms)
				ProcessInitializeOnLoadAttributes (115ms)
				ProcessInitializeOnLoadMethodAttributes (40ms)
				AfterProcessingInitializeOnLoad (0ms)
				EditorAssembliesLoaded (0ms)
			ExecutionOrderSort2 (0ms)
			AwakeInstancesAfterBackupRestoration (0ms)
Platform modules already initialized, skipping
Registering precompiled user dll's ...
Registered in 0.005337 seconds.
Begin MonoManager ReloadAssembly
Native extension for WindowsStandalone target not found
Refreshing native plugins compatible for Editor in 0.96 ms, found 2 plugins.
Preloading 0 native plugins for Editor in 0.00 ms.
Mono: successfully reloaded assembly
- Completed reload, in  1.422 seconds
Domain Reload Profiling:
	ReloadAssembly (1423ms)
		BeginReloadAssembly (184ms)
			ExecutionOrderSort (0ms)
			DisableScriptedObjects (5ms)
			BackupInstance (0ms)
			ReleaseScriptingObjects (0ms)
			CreateAndSetChildDomain (27ms)
		EndReloadAssembly (1154ms)
			LoadAssemblies (110ms)
			RebuildTransferFunctionScriptingTraits (0ms)
			SetupTypeCache (396ms)
			ReleaseScriptCaches (0ms)
			RebuildScriptCaches (61ms)
			SetupLoadedEditorAssemblies (443ms)
				LogAssemblyErrors (0ms)
				InitializePlatformSupportModulesInManaged (7ms)
				SetLoadedEditorAssemblies (1ms)
				RefreshPlugins (1ms)
				BeforeProcessingInitializeOnLoad (120ms)
				ProcessInitializeOnLoadAttributes (300ms)
				ProcessInitializeOnLoadMethodAttributes (9ms)
				AfterProcessingInitializeOnLoad (3ms)
				EditorAssembliesLoaded (0ms)
			ExecutionOrderSort2 (0ms)
			AwakeInstancesAfterBackupRestoration (10ms)
Platform modules already initialized, skipping
========================================================================
Worker process is ready to serve import requests
Launched and connected shader compiler UnityShaderCompiler.exe after 0.09 seconds
Refreshing native plugins compatible for Editor in 0.95 ms, found 2 plugins.
Preloading 0 native plugins for Editor in 0.00 ms.
Unloading 1633 Unused Serialized files (Serialized files now loaded: 0)
System memory in use before: 105.9 MB.
System memory in use after: 105.6 MB.

Unloading 20 unused Assets to reduce memory usage. Loaded Objects now: 2102.
Total: 5.986200 ms (FindLiveObjects: 0.330900 ms CreateObjectMapping: 0.128500 ms MarkObjects: 4.951200 ms  DeleteObjects: 0.573700 ms)

AssetImportParameters requested are different than current active one (requested -> active):
  custom:framework-win-MediaFoundation: 216162199b28c13a410421893ffa2e32 -> 
  custom:video-decoder-ogg-theora: a1e56fd34408186e4bbccfd4996cb3dc -> 
  custom:container-muxer-webm: aa71ff27fc2769a1b78a27578f13a17b -> 
  custom:container-demuxer-webm: 4f35f7cbe854078d1ac9338744f61a02 -> 
  custom:container-demuxer-ogg: 62fdf1f143b41e24485cea50d1cbac27 -> 
  custom:video-encoder-webm-vp8: eb34c28f22e8b96e1ab97ce403110664 -> 
  custom:video-decoder-webm-vp8: 9c59270c3fd7afecdb556c50c9e8de78 -> 
  custom:audio-decoder-ogg-vorbis: bf7c407c2cedff20999df2af8eb42d56 -> 
  custom:audio-encoder-webm-vorbis: bf7c407c2cedff20999df2af8eb42d56 -> 
========================================================================
Received Import Request.
  path: Assets/NatureStarterKit2/Textures/ground03.tga
  artifactKey: Guid(5edd0aaa57578b84da829c036eecf914) Importer(815301076,1909f56bfc062723c751e8b465ee728b)
Start importing Assets/NatureStarterKit2/Textures/ground03.tga using Guid(5edd0aaa57578b84da829c036eecf914) Importer(815301076,1909f56bfc062723c751e8b465ee728b)  -> (artifact id: 'e320084fcd50fe8927fae187f38cb2d5') in 0.140793 seconds 
  Import took 0.145293 seconds .

========================================================================
Received Import Request.
  Time since last request: 0.000394 seconds.
  path: Assets/NatureStarterKit2/Textures/bark02.tga
  artifactKey: Guid(cd130f36a968f1e4d8dfc96a655a9c32) Importer(815301076,1909f56bfc062723c751e8b465ee728b)
Start importing Assets/NatureStarterKit2/Textures/bark02.tga using Guid(cd130f36a968f1e4d8dfc96a655a9c32) Importer(815301076,1909f56bfc062723c751e8b465ee728b)  -> (artifact id: '9af4b236e92d064b746b76cc766f4985') in 0.020960 seconds 
  Import took 0.025035 seconds .

========================================================================
Received Import Request.
  Time since last request: 0.000378 seconds.
  path: Assets/NatureStarterKit2/Textures/ground03.psd
  artifactKey: Guid(8d1a7eedfea109c4f892a29974c0b440) Importer(815301076,1909f56bfc062723c751e8b465ee728b)
Start importing Assets/NatureStarterKit2/Textures/ground03.psd using Guid(8d1a7eedfea109c4f892a29974c0b440) Importer(815301076,1909f56bfc062723c751e8b465ee728b)  -> (artifact id: '0b5c0f2ea3c61afc0fd5d8733030bdaa') in 0.031119 seconds 
  Import took 0.035479 seconds .

========================================================================
Received Import Request.
  Time since last request: 0.000464 seconds.
  path: Assets/NatureStarterKit2/Textures/grass01.tga
  artifactKey: Guid(18023b893dedc2f41b2735582b22036c) Importer(815301076,1909f56bfc062723c751e8b465ee728b)
Start importing Assets/NatureStarterKit2/Textures/grass01.tga using Guid(18023b893dedc2f41b2735582b22036c) Importer(815301076,1909f56bfc062723c751e8b465ee728b)  -> (artifact id: '9e7e6d958d025b2e3bfc190867fb5b85') in 0.022703 seconds 
  Import took 0.028704 seconds .

========================================================================
Received Import Request.
  Time since last request: 0.000432 seconds.
  path: Assets/NatureStarterKit2/Textures/sky.psd
  artifactKey: Guid(76978aa5b0f025044af653342c95adac) Importer(815301076,1909f56bfc062723c751e8b465ee728b)
Start importing Assets/NatureStarterKit2/Textures/sky.psd using Guid(76978aa5b0f025044af653342c95adac) Importer(815301076,1909f56bfc062723c751e8b465ee728b)  -> (artifact id: '9a3c266e272272f07bff5c1780f700ef') in 0.025866 seconds 
  Import took 0.030568 seconds .

========================================================================
Received Import Request.
  Time since last request: 0.000416 seconds.
  path: Assets/NatureStarterKit2/Textures/sky.tga
  artifactKey: Guid(566cada353cad2441ba7b045c8ea1a79) Importer(815301076,1909f56bfc062723c751e8b465ee728b)
Start importing Assets/NatureStarterKit2/Textures/sky.tga using Guid(566cada353cad2441ba7b045c8ea1a79) Importer(815301076,1909f56bfc062723c751e8b465ee728b)  -> (artifact id: '20622aba19a79360074a074b53cab594') in 0.273125 seconds 
  Import took 0.276972 seconds .

========================================================================
Received Import Request.
  Time since last request: 0.000326 seconds.
  path: Assets/NatureStarterKit2/Textures/ground02.tga
  artifactKey: Guid(3e8f839d23c8c7f42b81fc76f0dbeb9f) Importer(815301076,1909f56bfc062723c751e8b465ee728b)
Start importing Assets/NatureStarterKit2/Textures/ground02.tga using Guid(3e8f839d23c8c7f42b81fc76f0dbeb9f) Importer(815301076,1909f56bfc062723c751e8b465ee728b)  -> (artifact id: 'e663313d6070fc85fec22bc5190de68a') in 0.022496 seconds 
  Import took 0.027152 seconds .

========================================================================
Received Import Request.
  Time since last request: 0.000554 seconds.
  path: Assets/NatureStarterKit2/Textures/branch01.tga
  artifactKey: Guid(9dd29b2fd426d81459d6020818e420ac) Importer(815301076,1909f56bfc062723c751e8b465ee728b)
Start importing Assets/NatureStarterKit2/Textures/branch01.tga using Guid(9dd29b2fd426d81459d6020818e420ac) Importer(815301076,1909f56bfc062723c751e8b465ee728b)  -> (artifact id: '152f33b4538031e41884833f5eb227ae') in 0.022552 seconds 
  Import took 0.029772 seconds .

========================================================================
Received Import Request.
  Time since last request: 0.000394 seconds.
  path: Assets/NatureStarterKit2/Textures/grass02.tga
  artifactKey: Guid(e3f873c56651ccd4a83ab80769dd19f3) Importer(815301076,1909f56bfc062723c751e8b465ee728b)
Start importing Assets/NatureStarterKit2/Textures/grass02.tga using Guid(e3f873c56651ccd4a83ab80769dd19f3) Importer(815301076,1909f56bfc062723c751e8b465ee728b)  -> (artifact id: '5b86b565a7b68d1a9969d009ba01e674') in 0.023865 seconds 
  Import took 0.030412 seconds .

========================================================================
Received Import Request.
  Time since last request: 0.000382 seconds.
  path: Assets/NatureStarterKit2/Textures/bark01.tga
  artifactKey: Guid(0b851eea454bcc74ebf763a1e97d7c2f) Importer(815301076,1909f56bfc062723c751e8b465ee728b)
Start importing Assets/NatureStarterKit2/Textures/bark01.tga using Guid(0b851eea454bcc74ebf763a1e97d7c2f) Importer(815301076,1909f56bfc062723c751e8b465ee728b)  -> (artifact id: '7482d1dd0b25601cc69a21a9caf4289f') in 0.026910 seconds 
  Import took 0.033151 seconds .

========================================================================
Received Import Request.
  Time since last request: 0.000368 seconds.
  path: Assets/NatureStarterKit2/Textures/ground01.tga
  artifactKey: Guid(ffbc4ff073065254585f69e966389160) Importer(815301076,1909f56bfc062723c751e8b465ee728b)
Start importing Assets/NatureStarterKit2/Textures/ground01.tga using Guid(ffbc4ff073065254585f69e966389160) Importer(815301076,1909f56bfc062723c751e8b465ee728b)  -> (artifact id: '8a51ce518834d9f797b975efc087d40d') in 0.029744 seconds 
  Import took 0.035472 seconds .

========================================================================
Received Import Request.
  Time since last request: 0.000335 seconds.
  path: Assets/NatureStarterKit2/Textures/bush01.tga
  artifactKey: Guid(cd0dd843ef8672e4896d03c7a66fa5da) Importer(815301076,1909f56bfc062723c751e8b465ee728b)
Start importing Assets/NatureStarterKit2/Textures/bush01.tga using Guid(cd0dd843ef8672e4896d03c7a66fa5da) Importer(815301076,1909f56bfc062723c751e8b465ee728b)  -> (artifact id: '9e4dc32e0870ff1a5b591876990fbd93') in 0.025959 seconds 
  Import took 0.030734 seconds .

========================================================================
Received Import Request.
  Time since last request: 0.000377 seconds.
  path: Assets/NatureStarterKit2/Textures/ground01.psd
  artifactKey: Guid(85cdb49f460bbf14a82b8ea1c20c07bc) Importer(815301076,1909f56bfc062723c751e8b465ee728b)
Start importing Assets/NatureStarterKit2/Textures/ground01.psd using Guid(85cdb49f460bbf14a82b8ea1c20c07bc) Importer(815301076,1909f56bfc062723c751e8b465ee728b)  -> (artifact id: '9a558ef40ce53e6bbc17b75a1c2e5183') in 0.101941 seconds 
  Import took 0.107741 seconds .

========================================================================
Received Import Request.
  Time since last request: 2.044524 seconds.
  path: Assets/Meshtint Free Boximon Cyclopes Mega Toon Series/Demo Assets
  artifactKey: Guid(70b14a539ed9370419bdfcca5445b8e1) Importer(815301076,1909f56bfc062723c751e8b465ee728b)
Start importing Assets/Meshtint Free Boximon Cyclopes Mega Toon Series/Demo Assets using Guid(70b14a539ed9370419bdfcca5445b8e1) Importer(815301076,1909f56bfc062723c751e8b465ee728b)  -> (artifact id: 'ac8162da05261527906a75d35ce55e4b') in 0.010113 seconds 
  Import took 0.015208 seconds .

AssetImportWorkerClient::OnTransportError - code=2 error=End of file
